PLINK v1.90b6.17 64-bit (28 Apr 2020)
Options in effect:
  --bfile aspen250
  --make-bed
  --out plink_cleanup_1
  --remove replicates_to_remove.ids

Hostname: login-srcf.calc.carnegiescience.edu
Working directory: /Carnegie/DPB/Data/Shared/Labs/Moi/Everyone/slhateley/aspen/data
Start time: Tue Dec  7 12:19:30 2021

Random number seed: 1638908370
32012 MB RAM detected; reserving 16006 MB for main workspace.
13680 variants loaded from .bim file.
516 people (0 males, 0 females, 516 ambiguous) loaded from .fam.
Ambiguous sex IDs written to plink_cleanup_1.nosex .
--remove: 489 people remaining.
Using 1 thread (no multithreaded calculations invoked).
Before main variant filters, 489 founders and 0 nonfounders present.
Calculating allele frequencies... done.
Total genotyping rate in remaining samples is 0.895716.
13680 variants and 489 people pass filters and QC.
Note: No phenotypes present.
--make-bed to plink_cleanup_1.bed + plink_cleanup_1.bim + plink_cleanup_1.fam
... done.

End time: Tue Dec  7 12:19:31 2021
