PLINK v1.90b6.17 64-bit (28 Apr 2020)
Options in effect:
  --bfile plink_cleanup_1
  --keep aspen_to_keep.ids
  --make-bed
  --out plink_cleanup_2

Hostname: login-srcf.calc.carnegiescience.edu
Working directory: /Carnegie/DPB/Data/Shared/Labs/Moi/Everyone/slhateley/aspen/data
Start time: Tue Dec  7 12:22:51 2021

Random number seed: 1638908571
32012 MB RAM detected; reserving 16006 MB for main workspace.
13680 variants loaded from .bim file.
489 people (0 males, 0 females, 489 ambiguous) loaded from .fam.
Ambiguous sex IDs written to plink_cleanup_2.nosex .
--keep: 488 people remaining.
Using 1 thread (no multithreaded calculations invoked).
Before main variant filters, 488 founders and 0 nonfounders present.
Calculating allele frequencies... done.
Total genotyping rate in remaining samples is 0.895642.
13680 variants and 488 people pass filters and QC.
Note: No phenotypes present.
--make-bed to plink_cleanup_2.bed + plink_cleanup_2.bim + plink_cleanup_2.fam
... done.

End time: Tue Dec  7 12:22:51 2021
